Start testing: Mar 04 22:13 CET
----------------------------------------------------------
1/2 Testing: that-test-I-made
1/2 Test: that-test-I-made
Command: "/home/emil/git/USV_autopilot/UnitTest/CmakeTests/build/runUnitTests"
Directory: /home/emil/git/USV_autopilot/UnitTest/CmakeTests/build
"that-test-I-made" start time: Mar 04 22:13 CET
Output:
----------------------------------------------------------
Running main() from gtest_main.cc
[==========] Running 1 test from 1 test case.
[----------] Global test environment set-up.
[----------] 1 test from Project1Test
[ RUN      ] Project1Test.MethodBarDoesAbc
[       OK ] Project1Test.MethodBarDoesAbc (0 ms)
[----------] 1 test from Project1Test (0 ms total)

[----------] Global test environment tear-down
[==========] 1 test from 1 test case ran. (0 ms total)
[  PASSED  ] 1 test.
<end of output>
Test time =   0.00 sec
----------------------------------------------------------
Test Passed.
"that-test-I-made" end time: Mar 04 22:13 CET
"that-test-I-made" time elapsed: 00:00:00
----------------------------------------------------------

2/2 Testing: that-other-test-I-made
2/2 Test: that-other-test-I-made
Command: "/home/emil/git/USV_autopilot/UnitTest/CmakeTests/build/runUnitTests"
Directory: /home/emil/git/USV_autopilot/UnitTest/CmakeTests/build
"that-other-test-I-made" start time: Mar 04 22:13 CET
Output:
----------------------------------------------------------
Running main() from gtest_main.cc
[==========] Running 1 test from 1 test case.
[----------] Global test environment set-up.
[----------] 1 test from Project1Test
[ RUN      ] Project1Test.MethodBarDoesAbc
[       OK ] Project1Test.MethodBarDoesAbc (0 ms)
[----------] 1 test from Project1Test (0 ms total)

[----------] Global test environment tear-down
[==========] 1 test from 1 test case ran. (0 ms total)
[  PASSED  ] 1 test.
<end of output>
Test time =   0.00 sec
----------------------------------------------------------
Test Passed.
"that-other-test-I-made" end time: Mar 04 22:13 CET
"that-other-test-I-made" time elapsed: 00:00:00
----------------------------------------------------------

End testing: Mar 04 22:13 CET
